Exception at PC 0x00007FFDD7CFBB93
Printing stacktrace...

[0]  [0x00007FFDD7CFBB93]
[1]  [0x00007FFDD7CFBB93]
[2]  [0x00007FFDD7CFB4A1]
[3]  [0x00007FFDD7CFB3EF]
[4]  [0x00007FFDD7CE19FE]
[5]  [0x00007FFDD7CE0ED1]
[6]  [0x00007FFDD7CE0D76]
[7]  [0x00007FFDD7C879F6]
[8]  [0x00007FFDD7C77AFB]
[9]  [0x00007FFDD7D9E90A]
[10]  [0x00007FFDD7DB9F87]
[11]  [0x00007FFDD7DBA05F]
[12] (BaseThreadInitThunk+0x14) [0x00007FFE547C2774]
[13] (RtlUserThreadStart+0x21) [0x00007FFE55510D51]
Done
Exception at PC 0x00007FFDD7A01A52
Attemped to write at address 0x00007FFE05B9ABA4
Printing stacktrace...

[0]  [0x00007FFDD7A01A52]
[1]  [0x00007FFDD7A01A52]
[2]  [0x00007FFDD7A01AD4]
[3]  [0x00007FFDD7B43FF7]
[4]  [0x00007FFDD7A29128]
[5]  [0x00007FFDD7CDDFB9]
[6]  [0x00007FFDD7EAEF23]
[7]  [0x00007FFDD7DBB06B]
[8]  [0x00007FFDD7DB08AF]
[9]  [0x00007FFDD7DB0A32]
[10] (RtlDeactivateActivationContextUnsafeFast+0x1af) [0x00007FFE554C485F]
[11] (LdrShutdownProcess+0x12c) [0x00007FFE554ED43C]
[12] (RtlExitUserProcess+0xb4) [0x00007FFE554ED2F4]
[13] (FatalExit+0xa) [0x00007FFE547CC0DA]
[14] (exit+0x75) [0x00007FFE5472A045]
[15] (initterm_e+0x21d) [0x00007FFE5472A68D]
[16]  [0x00000000004014CD]
[17]  [0x000000000040151B]
[18] (BaseThreadInitThunk+0x14) [0x00007FFE547C2774]
[19] (RtlUserThreadStart+0x21) [0x00007FFE55510D51]
Done
