Exception at PC 0x00007FFF0EF8BB93
Printing stacktrace...

[0]  [0x00007FFF0EF8BB93]
[1]  [0x00007FFF0EF8BB93]
[2]  [0x00007FFF0EF8B4A1]
[3]  [0x00007FFF0EF8B3EF]
[4]  [0x00007FFF0EF719FE]
[5]  [0x00007FFF0EF70ED1]
[6]  [0x00007FFF0EF70D76]
[7]  [0x00007FFF0EF179F6]
[8]  [0x00007FFF0EF07AFB]
[9]  [0x00007FFF0F02E90A]
[10]  [0x00007FFF0F049F87]
[11]  [0x00007FFF0F04A05F]
[12] (BaseThreadInitThunk+0x14) [0x00007FFF989A2774]
[13] (RtlUserThreadStart+0x21) [0x00007FFF9A5B0D51]
Done
Exception at PC 0x00007FFF0EC91A52
Attemped to write at address 0x00007FFF4008ABA4
Printing stacktrace...

[0]  [0x00007FFF0EC91A52]
[1]  [0x00007FFF0EC91A52]
[2]  [0x00007FFF0EC91AD4]
[3]  [0x00007FFF0EDD3FF7]
[4]  [0x00007FFF0ECB9128]
[5]  [0x00007FFF0EF6DFB9]
[6]  [0x00007FFF0F13EF23]
[7]  [0x00007FFF0F04B06B]
[8]  [0x00007FFF0F0408AF]
[9]  [0x00007FFF0F040A32]
[10] (RtlDeactivateActivationContextUnsafeFast+0x1af) [0x00007FFF9A56485F]
[11] (LdrShutdownProcess+0x12c) [0x00007FFF9A58D43C]
[12] (RtlExitUserProcess+0xb4) [0x00007FFF9A58D2F4]
[13] (FatalExit+0xa) [0x00007FFF989AC0DA]
[14] (exit+0x75) [0x00007FFF97F4A045]
[15] (initterm_e+0x21d) [0x00007FFF97F4A68D]
[16]  [0x00000000004014CD]
[17]  [0x000000000040151B]
[18] (BaseThreadInitThunk+0x14) [0x00007FFF989A2774]
[19] (RtlUserThreadStart+0x21) [0x00007FFF9A5B0D51]
Done
