Exception at PC 0x00007FF9CEEFBB93
Printing stacktrace...

[0]  [0x00007FF9CEEFBB93]
[1]  [0x00007FF9CEEFBB93]
[2]  [0x00007FF9CEEFB4A1]
[3]  [0x00007FF9CEEFB3EF]
[4]  [0x00007FF9CEEE19FE]
[5]  [0x00007FF9CEEE0ED1]
[6]  [0x00007FF9CEEE0D76]
[7]  [0x00007FF9CEE879F6]
[8]  [0x00007FF9CEE77AFB]
[9]  [0x00007FF9CEF9E90A]
[10]  [0x00007FF9CEFB9F87]
[11]  [0x00007FF9CEFBA05F]
[12] (BaseThreadInitThunk+0x14) [0x00007FFA10773034]
[13] (RtlUserThreadStart+0x21) [0x00007FFA11631431]
Done
Exception at PC 0x00007FF9CEC01A52
Attemped to write at address 0x00007FF97F62ABA4
Printing stacktrace...

[0]  [0x00007FF9CEC01A52]
[1]  [0x00007FF9CEC01A52]
[2]  [0x00007FF9CEC01AD4]
[3]  [0x00007FF9CED43FF7]
[4]  [0x00007FF9CEC29128]
[5]  [0x00007FF9CEEDDFB9]
[6]  [0x00007FF9CF0AEF23]
[7]  [0x00007FF9CEFBB06B]
[8]  [0x00007FF9CEFB08AF]
[9]  [0x00007FF9CEFB0A32]
[10] (RtlActivateActivationContextUnsafeFast+0x123) [0x00007FFA115F4023]
[11] (LdrShutdownProcess+0x125) [0x00007FFA116009D5]
[12] (RtlExitUserProcess+0xd8) [0x00007FFA11600898]
[13] (FatalExit+0xa) [0x00007FFA1077B19A]
[14] (exit+0x75) [0x00007FFA11529CE5]
[15] (initterm_e+0x235) [0x00007FFA1152A345]
[16]  [0x00000000004014CD]
[17]  [0x000000000040151B]
[18] (BaseThreadInitThunk+0x14) [0x00007FFA10773034]
[19] (RtlUserThreadStart+0x21) [0x00007FFA11631431]
Done
