Exception at PC 0x00007FFC5AA5BB93
Printing stacktrace...

[0]  [0x00007FFC5AA5BB93]
[1]  [0x00007FFC5AA5BB93]
[2]  [0x00007FFC5AA5B4A1]
[3]  [0x00007FFC5AA5B3EF]
[4]  [0x00007FFC5AA419FE]
[5]  [0x00007FFC5AA40ED1]
[6]  [0x00007FFC5AA40D76]
[7]  [0x00007FFC5A9E79F6]
[8]  [0x00007FFC5A9D7AFB]
[9]  [0x00007FFC5AAFE90A]
[10]  [0x00007FFC5AB19F87]
[11]  [0x00007FFC5AB1A05F]
[12] (BaseThreadInitThunk+0x14) [0x00007FFCA9D12774]
[13] (RtlUserThreadStart+0x21) [0x00007FFCA9F00D51]
Done
Exception at PC 0x00007FFC5A761A52
Attemped to write at address 0x00007FFC5833ABA4
Printing stacktrace...

[0]  [0x00007FFC5A761A52]
[1]  [0x00007FFC5A761A52]
[2]  [0x00007FFC5A761AD4]
[3]  [0x00007FFC5A8A3FF7]
[4]  [0x00007FFC5A789128]
[5]  [0x00007FFC5AA3DFB9]
[6]  [0x00007FFC5AC0EF23]
[7]  [0x00007FFC5AB1B06B]
[8]  [0x00007FFC5AB108AF]
[9]  [0x00007FFC5AB10A32]
[10] (RtlDeactivateActivationContextUnsafeFast+0x1af) [0x00007FFCA9EB485F]
[11] (LdrShutdownProcess+0x12c) [0x00007FFCA9EDD43C]
[12] (RtlExitUserProcess+0xb4) [0x00007FFCA9EDD2F4]
[13] (FatalExit+0xa) [0x00007FFCA9D1C0DA]
[14] (exit+0x75) [0x00007FFCA7E2A045]
[15] (initterm_e+0x21d) [0x00007FFCA7E2A68D]
[16]  [0x00000000004014CD]
[17]  [0x000000000040151B]
[18] (BaseThreadInitThunk+0x14) [0x00007FFCA9D12774]
[19] (RtlUserThreadStart+0x21) [0x00007FFCA9F00D51]
Done
